
> frontend@0.0.0 dev
> vite


  VITE v7.3.1  ready in 294 ms

  ➜  Local:   http://localhost:6001/
  ➜  Network: use --host to expose
12:41:56 PM [vite] (client) hmr update /src/pages/staff/exam/ExamStudentList.jsx
12:41:58 PM [vite] (client) hmr update /src/pages/staff/exam/StudentExamForm.jsx
12:42:00 PM [vite] (client) hmr update /src/pages/RegisterPage.jsx
12:42:12 PM [vite] (client) hmr update /src/pages/student/courses/CourseEnrollment.jsx
12:42:16 PM [vite] vite.config.js changed, restarting server...
12:42:16 PM [vite] server restarted.
12:42:44 PM [vite] http proxy error: /api/communications/unread-count/staff/1
Error: connect ECONNREFUSED 127.0.0.1:5001
    at TCPConnectWrap.afterConnect [as oncomplete] (node:net:1637:16)
12:42:44 PM [vite] http proxy error: /api/notifications/staff/1/count
Error: connect ECONNREFUSED 127.0.0.1:5001
    at TCPConnectWrap.afterConnect [as oncomplete] (node:net:1637:16)
12:43:05 PM [vite] http proxy error: /api/auth/login
Error: connect ECONNREFUSED 127.0.0.1:5001
    at TCPConnectWrap.afterConnect [as oncomplete] (node:net:1637:16)
